<?xml version="1.0" encoding="UTF-8"?>
<!-- Generated by org.testng.reporters.JUnitReportReporter -->
<testsuite hostname="vendskp54" name="orange_hrm_tests.Dashboard_Legend_Verification" tests="1" failures="0" timestamp="20 Jul 2016 05:47:43 GMT" time="25.430" errors="0">
  <testcase name="legendVerification" time="25.430" classname="orange_hrm_tests.Dashboard_Legend_Verification"/>
</testsuite> <!-- orange_hrm_tests.Dashboard_Legend_Verification -->
