<?xml version="1.0" encoding="UTF-8"?>
<!-- Generated by org.testng.reporters.JUnitReportReporter -->
<testsuite hostname="vendskp54" name="orange_hrm_tests.Directory_Search_By_Name" tests="1" failures="0" timestamp="15 Jul 2016 10:14:54 GMT" time="26.594" errors="0">
  <testcase name="searchByName" time="26.594" classname="orange_hrm_tests.Directory_Search_By_Name"/>
</testsuite> <!-- orange_hrm_tests.Directory_Search_By_Name -->
