<?xml version="1.0" encoding="UTF-8"?>
<!-- Generated by org.testng.reporters.JUnitReportReporter -->
<testsuite hostname="vendskp54" name="orange_hrm_methods.Index_page" tests="2" failures="0" timestamp="16 Jun 2016 10:20:53 GMT" time="13.735" errors="0">
  <testcase name="Login" time="4.616" classname="orange_hrm_methods.Index_page"/>
  <testcase name="LaunchApplication" time="9.119" classname="orange_hrm_methods.Index_page"/>
</testsuite> <!-- orange_hrm_methods.Index_page -->
