<?xml version="1.0" encoding="UTF-8"?>
<!-- Generated by org.testng.reporters.JUnitReportReporter -->
<testsuite hostname="vendskp54" name="orange_hrm_tests.More_Dashboard" tests="1" failures="0" timestamp="6 Jul 2016 11:49:00 GMT" time="15.563" errors="0">
  <testcase name="Dashboard" time="15.563" classname="orange_hrm_tests.More_Dashboard"/>
</testsuite> <!-- orange_hrm_tests.More_Dashboard -->
