<?xml version="1.0" encoding="UTF-8"?>
<!-- Generated by org.testng.reporters.JUnitReportReporter -->
<testsuite hostname="vendskp54" name="orange_hrm_tests.sample" tests="1" failures="0" timestamp="14 Jul 2016 10:20:02 GMT" time="14.161" errors="0">
  <testcase name="sampleMethod" time="14.161" classname="orange_hrm_tests.sample"/>
</testsuite> <!-- orange_hrm_tests.sample -->
