<?xml version="1.0" encoding="UTF-8"?>
<!-- Generated by org.testng.reporters.JUnitReportReporter -->
<testsuite hostname="vendskp54" name="app.utilities.Application_Methods" tests="1" failures="0" timestamp="6 Jul 2016 10:22:34 GMT" time="0.007" errors="0">
  <testcase name="sample" time="0.007" classname="app.utilities.Application_Methods"/>
</testsuite> <!-- app.utilities.Application_Methods -->
