<?xml version="1.0" encoding="UTF-8"?>
<!-- Generated by org.testng.reporters.JUnitReportReporter -->
<testsuite hostname="vendskp54" name="app.utilities.General_Methods" tests="1" failures="0" timestamp="6 Jul 2016 10:23:14 GMT" time="0.008" errors="0">
  <testcase name="sample" time="0.008" classname="app.utilities.General_Methods"/>
</testsuite> <!-- app.utilities.General_Methods -->
